<?xml version="1.0" encoding="UTF-8"?>
<testng-results ignored="0" total="3" passed="3" failed="0" skipped="0">
  <reporter-output>
  </reporter-output>
  <suite started-at="2022-07-04T13:22:22 IST" name="Suite" finished-at="2022-07-04T13:22:22 IST" duration-ms="84">
    <groups>
    </groups>
    <test started-at="2022-07-04T13:22:22 IST" name="Test" finished-at="2022-07-04T13:22:22 IST" duration-ms="84">
      <class name="Jenkins1.Test2">
        <test-method signature="testcase1()[pri:0, instance:Jenkins1.Test2@1af2d44a]" started-at="2022-07-04T13:22:22 IST" name="testcase1" finished-at="2022-07-04T13:22:22 IST" duration-ms="11" status="PASS">
          <reporter-output>
          </reporter-output>
        </test-method> <!-- testcase1 -->
        <test-method signature="testcase2()[pri:0, instance:Jenkins1.Test2@1af2d44a]" started-at="2022-07-04T13:22:22 IST" name="testcase2" finished-at="2022-07-04T13:22:22 IST" duration-ms="2" status="PASS">
          <reporter-output>
          </reporter-output>
        </test-method> <!-- testcase2 -->
        <test-method signature="testcase3()[pri:0, instance:Jenkins1.Test2@1af2d44a]" started-at="2022-07-04T13:22:22 IST" name="testcase3" finished-at="2022-07-04T13:22:22 IST" duration-ms="2" status="PASS">
          <reporter-output>
          </reporter-output>
        </test-method> <!-- testcase3 -->
      </class> <!-- Jenkins1.Test2 -->
    </test> <!-- Test -->
  </suite> <!-- Suite -->
</testng-results>
